Determining if the pthread_create exist failed with the following output:
Change Dir: /home/grads/s/sant1/Desktop/srsRANSA/srsRAN/build/CMakeFiles/CMakeTmp

Run Build Command:"/usr/bin/make" "cmTC_0fc62/fast"
/usr/bin/make -f CMakeFiles/cmTC_0fc62.dir/build.make CMakeFiles/cmTC_0fc62.dir/build
make[1]: Entering directory '/home/grads/s/sant1/Desktop/srsRANSA/srsRAN/build/CMakeFiles/CMakeTmp'
Building C object CMakeFiles/cmTC_0fc62.dir/CheckSymbolExists.c.o
/usr/bin/cc    -o CMakeFiles/cmTC_0fc62.dir/CheckSymbolExists.c.o   -c /home/grads/s/sant1/Desktop/srsRANSA/srsRAN/build/CMakeFiles/CMakeTmp/CheckSymbolExists.c
Linking C executable cmTC_0fc62
/usr/bin/cmake -E cmake_link_script CMakeFiles/cmTC_0fc62.dir/link.txt --verbose=1
/usr/bin/cc      CMakeFiles/cmTC_0fc62.dir/CheckSymbolExists.c.o  -o cmTC_0fc62 
CMakeFiles/cmTC_0fc62.dir/CheckSymbolExists.c.o: In function `main':
CheckSymbolExists.c:(.text+0x1b): undefined reference to `pthread_create'
collect2: error: ld returned 1 exit status
CMakeFiles/cmTC_0fc62.dir/build.make:97: recipe for target 'cmTC_0fc62' failed
make[1]: *** [cmTC_0fc62] Error 1
make[1]: Leaving directory '/home/grads/s/sant1/Desktop/srsRANSA/srsRAN/build/CMakeFiles/CMakeTmp'
Makefile:126: recipe for target 'cmTC_0fc62/fast' failed
make: *** [cmTC_0fc62/fast] Error 2

File /home/grads/s/sant1/Desktop/srsRANSA/srsRAN/build/CMakeFiles/CMakeTmp/CheckSymbolExists.c:
/* */
#include <pthread.h>

int main(int argc, char** argv)
{
  (void)argv;
#ifndef pthread_create
  return ((int*)(&pthread_create))[argc];
#else
  (void)argc;
  return 0;
#endif
}

Determining if the function pthread_create exists in the pthreads failed with the following output:
Change Dir: /home/grads/s/sant1/Desktop/srsRANSA/srsRAN/build/CMakeFiles/CMakeTmp

Run Build Command:"/usr/bin/make" "cmTC_58c43/fast"
/usr/bin/make -f CMakeFiles/cmTC_58c43.dir/build.make CMakeFiles/cmTC_58c43.dir/build
make[1]: Entering directory '/home/grads/s/sant1/Desktop/srsRANSA/srsRAN/build/CMakeFiles/CMakeTmp'
Building C object CMakeFiles/cmTC_58c43.dir/CheckFunctionExists.c.o
/usr/bin/cc   -DCHECK_FUNCTION_EXISTS=pthread_create   -o CMakeFiles/cmTC_58c43.dir/CheckFunctionExists.c.o   -c /usr/share/cmake-3.10/Modules/CheckFunctionExists.c
Linking C executable cmTC_58c43
/usr/bin/cmake -E cmake_link_script CMakeFiles/cmTC_58c43.dir/link.txt --verbose=1
/usr/bin/cc  -DCHECK_FUNCTION_EXISTS=pthread_create    CMakeFiles/cmTC_58c43.dir/CheckFunctionExists.c.o  -o cmTC_58c43 -lpthreads 
/usr/bin/ld: cannot find -lpthreads
collect2: error: ld returned 1 exit status
CMakeFiles/cmTC_58c43.dir/build.make:97: recipe for target 'cmTC_58c43' failed
make[1]: *** [cmTC_58c43] Error 1
make[1]: Leaving directory '/home/grads/s/sant1/Desktop/srsRANSA/srsRAN/build/CMakeFiles/CMakeTmp'
Makefile:126: recipe for target 'cmTC_58c43/fast' failed
make: *** [cmTC_58c43/fast] Error 2


Performing C++ SOURCE FILE Test UHD_ENABLE_X300_FW_RESET failed with the following output:
Change Dir: /home/grads/s/sant1/Desktop/srsRANSA/srsRAN/build/CMakeFiles/CMakeTmp

Run Build Command:"/usr/bin/make" "cmTC_5b478/fast"
/usr/bin/make -f CMakeFiles/cmTC_5b478.dir/build.make CMakeFiles/cmTC_5b478.dir/build
make[1]: Entering directory '/home/grads/s/sant1/Desktop/srsRANSA/srsRAN/build/CMakeFiles/CMakeTmp'
Building CXX object CMakeFiles/cmTC_5b478.dir/src.cxx.o
/usr/bin/c++    -DUHD_ENABLE_X300_FW_RESET  -L/usr/lib/x86_64-linux-gnu   -o CMakeFiles/cmTC_5b478.dir/src.cxx.o -c /home/grads/s/sant1/Desktop/srsRANSA/srsRAN/build/CMakeFiles/CMakeTmp/src.cxx
Linking CXX executable cmTC_5b478
/usr/bin/cmake -E cmake_link_script CMakeFiles/cmTC_5b478.dir/link.txt --verbose=1
/usr/bin/c++   -DUHD_ENABLE_X300_FW_RESET  -L/usr/lib/x86_64-linux-gnu    CMakeFiles/cmTC_5b478.dir/src.cxx.o  -o cmTC_5b478 -luhd -lboost_program_options -lboost_system 
CMakeFiles/cmTC_5b478.dir/src.cxx.o: In function `try_usrp_x300_reset()':
src.cxx:(.text+0x1f6): undefined reference to `x300_make_ctrl_iface_enet(std::shared_ptr<uhd::transport::udp_simple>, bool)'
collect2: error: ld returned 1 exit status
CMakeFiles/cmTC_5b478.dir/build.make:97: recipe for target 'cmTC_5b478' failed
make[1]: *** [cmTC_5b478] Error 1
make[1]: Leaving directory '/home/grads/s/sant1/Desktop/srsRANSA/srsRAN/build/CMakeFiles/CMakeTmp'
Makefile:126: recipe for target 'cmTC_5b478/fast' failed
make: *** [cmTC_5b478/fast] Error 2

Source file was:
#include <uhd.h>
    #include <uhd/usrp/multi_usrp.hpp>
    #include <uhd/transport/udp_simple.hpp>

    uhd::wb_iface::sptr x300_make_ctrl_iface_enet(uhd::transport::udp_simple::sptr udp, bool enable_errors);

    uhd_error try_usrp_x300_reset()
    {
      uhd::transport::udp_simple::sptr udp_simple = uhd::transport::udp_simple::make_connected("", "49152");
      uhd::wb_iface::sptr x300_ctrl = x300_make_ctrl_iface_enet(udp_simple, true);
      x300_ctrl->poke32(0x100058, 1);
      return UHD_ERROR_NONE;
    }

    int main(int argc, char** argv)
    {
      try_usrp_x300_reset();
      return 0;
    }
Performing C++ SOURCE FILE Test UHD_ENABLE_RFNOC failed with the following output:
Change Dir: /home/grads/s/sant1/Desktop/srsRANSA/srsRAN/build/CMakeFiles/CMakeTmp

Run Build Command:"/usr/bin/make" "cmTC_e0a3d/fast"
/usr/bin/make -f CMakeFiles/cmTC_e0a3d.dir/build.make CMakeFiles/cmTC_e0a3d.dir/build
make[1]: Entering directory '/home/grads/s/sant1/Desktop/srsRANSA/srsRAN/build/CMakeFiles/CMakeTmp'
Building CXX object CMakeFiles/cmTC_e0a3d.dir/src.cxx.o
/usr/bin/c++    -DUHD_ENABLE_RFNOC  -L/usr/lib/x86_64-linux-gnu   -o CMakeFiles/cmTC_e0a3d.dir/src.cxx.o -c /home/grads/s/sant1/Desktop/srsRANSA/srsRAN/build/CMakeFiles/CMakeTmp/src.cxx
/home/grads/s/sant1/Desktop/srsRANSA/srsRAN/build/CMakeFiles/CMakeTmp/src.cxx:2:14: fatal error: uhd/device3.hpp: No such file or directory
     #include <uhd/device3.hpp>
              ^~~~~~~~~~~~~~~~~
compilation terminated.
CMakeFiles/cmTC_e0a3d.dir/build.make:65: recipe for target 'CMakeFiles/cmTC_e0a3d.dir/src.cxx.o' failed
make[1]: *** [CMakeFiles/cmTC_e0a3d.dir/src.cxx.o] Error 1
make[1]: Leaving directory '/home/grads/s/sant1/Desktop/srsRANSA/srsRAN/build/CMakeFiles/CMakeTmp'
Makefile:126: recipe for target 'cmTC_e0a3d/fast' failed
make: *** [cmTC_e0a3d/fast] Error 2

Source file was:
#include <uhd.h>
    #include <uhd/device3.hpp>
    #include <uhd/rfnoc/ddc_block_ctrl.hpp>
    #include <uhd/rfnoc/radio_ctrl.hpp>

    static uhd::device3::sptr device3;
    static uhd::rfnoc::ddc_block_ctrl::sptr ddc_ctrl;
    static uhd::rfnoc::radio_ctrl::sptr radio_ctrl;

    uhd_error try_device3_ddc_ctrl()
    {
      ddc_ctrl = device3->get_block_ctrl<uhd::rfnoc::ddc_block_ctrl>(uhd::rfnoc::block_id_t("DDC_0"));
      return UHD_ERROR_NONE;
    }

    uhd_error try_device3_radio_ctrl()
    {
      radio_ctrl = device3->get_block_ctrl<uhd::rfnoc::radio_ctrl>(uhd::rfnoc::block_id_t("Radio_0"));
      return UHD_ERROR_NONE;
    }

    int main(int argc, char** argv)
    {
      try_device3_ddc_ctrl();
      try_device3_radio_ctrl();
      return 0;
    }
Performing C++ SOURCE FILE Test UHD_ENABLE_CUSTOM_RFNOC failed with the following output:
Change Dir: /home/grads/s/sant1/Desktop/srsRANSA/srsRAN/build/CMakeFiles/CMakeTmp

Run Build Command:"/usr/bin/make" "cmTC_eb81b/fast"
/usr/bin/make -f CMakeFiles/cmTC_eb81b.dir/build.make CMakeFiles/cmTC_eb81b.dir/build
make[1]: Entering directory '/home/grads/s/sant1/Desktop/srsRANSA/srsRAN/build/CMakeFiles/CMakeTmp'
Building CXX object CMakeFiles/cmTC_eb81b.dir/src.cxx.o
/usr/bin/c++    -DUHD_ENABLE_CUSTOM_RFNOC  -L/usr/lib/x86_64-linux-gnu   -o CMakeFiles/cmTC_eb81b.dir/src.cxx.o -c /home/grads/s/sant1/Desktop/srsRANSA/srsRAN/build/CMakeFiles/CMakeTmp/src.cxx
/home/grads/s/sant1/Desktop/srsRANSA/srsRAN/build/CMakeFiles/CMakeTmp/src.cxx:2:14: fatal error: uhd/device3.hpp: No such file or directory
     #include <uhd/device3.hpp>
              ^~~~~~~~~~~~~~~~~
compilation terminated.
CMakeFiles/cmTC_eb81b.dir/build.make:65: recipe for target 'CMakeFiles/cmTC_eb81b.dir/src.cxx.o' failed
make[1]: *** [CMakeFiles/cmTC_eb81b.dir/src.cxx.o] Error 1
make[1]: Leaving directory '/home/grads/s/sant1/Desktop/srsRANSA/srsRAN/build/CMakeFiles/CMakeTmp'
Makefile:126: recipe for target 'cmTC_eb81b/fast' failed
make: *** [cmTC_eb81b/fast] Error 2

Source file was:
#include <uhd.h>
    #include <uhd/device3.hpp>
    #include <uhd/rfnoc/ddc_ch2_block_ctrl.hpp>

    static uhd::device3::sptr device3;
    static uhd::rfnoc::ddc_ch2_block_ctrl::sptr ddc_ctrl;

    uhd_error try_device3_ddc_ch2_ctrl()
    {
      ddc_ctrl = device3->get_block_ctrl<uhd::rfnoc::ddc_ch2_block_ctrl>(uhd::rfnoc::block_id_t("DDCch2_0"));
      return UHD_ERROR_NONE;
    }

    int main(int argc, char** argv)
    {
      try_device3_ddc_ch2_ctrl();
      return 0;
    }
Performing C SOURCE FILE Test CMAKE_HAVE_LIBC_PTHREAD failed with the following output:
Change Dir: /home/grads/s/sant1/Desktop/srsRANSA/srsRAN/build/CMakeFiles/CMakeScratch/TryCompile-GE9rFN

Run Build Command(s):/usr/bin/make -f Makefile cmTC_b466c/fast && /usr/bin/make  -f CMakeFiles/cmTC_b466c.dir/build.make CMakeFiles/cmTC_b466c.dir/build
make[1]: Entering directory '/home/grads/s/sant1/Desktop/srsRANSA/srsRAN/build/CMakeFiles/CMakeScratch/TryCompile-GE9rFN'
Building C object CMakeFiles/cmTC_b466c.dir/src.c.o
/usr/bin/cc -DCMAKE_HAVE_LIBC_PTHREAD   -o CMakeFiles/cmTC_b466c.dir/src.c.o -c /home/grads/s/sant1/Desktop/srsRANSA/srsRAN/build/CMakeFiles/CMakeScratch/TryCompile-GE9rFN/src.c
Linking C executable cmTC_b466c
/snap/cmake/1216/bin/cmake -E cmake_link_script CMakeFiles/cmTC_b466c.dir/link.txt --verbose=1
/usr/bin/cc CMakeFiles/cmTC_b466c.dir/src.c.o -o cmTC_b466c 
CMakeFiles/cmTC_b466c.dir/src.c.o: In function `main':
src.c:(.text+0x3e): undefined reference to `pthread_create'
src.c:(.text+0x4a): undefined reference to `pthread_detach'
src.c:(.text+0x56): undefined reference to `pthread_cancel'
src.c:(.text+0x67): undefined reference to `pthread_join'
src.c:(.text+0x7b): undefined reference to `pthread_atfork'
collect2: error: ld returned 1 exit status
CMakeFiles/cmTC_b466c.dir/build.make:98: recipe for target 'cmTC_b466c' failed
make[1]: *** [cmTC_b466c] Error 1
make[1]: Leaving directory '/home/grads/s/sant1/Desktop/srsRANSA/srsRAN/build/CMakeFiles/CMakeScratch/TryCompile-GE9rFN'
Makefile:127: recipe for target 'cmTC_b466c/fast' failed
make: *** [cmTC_b466c/fast] Error 2


Source file was:
#include <pthread.h>

static void* test_func(void* data)
{
  return data;
}

int main(void)
{
  pthread_t thread;
  pthread_create(&thread, NULL, test_func, NULL);
  pthread_detach(thread);
  pthread_cancel(thread);
  pthread_join(thread, NULL);
  pthread_atfork(NULL, NULL, NULL);
  pthread_exit(NULL);

  return 0;
}


